<?xml version="1.0" encoding="UTF-8" ?>
<testsuite tests="13" failures="0" name="co.edu.sena.eon_jpa.controller.dao.mysql.AmbienceImplTest" time="0.74" errors="0" skipped="0">
  <properties>
[...]
</properties>
  <testcase classname="co.edu.sena.eon_jpa.controller.dao.mysql.AmbienceImplTest" name="testFindByNameHeadquarters" time="0.025"/>
  <testcase classname="co.edu.sena.eon_jpa.controller.dao.mysql.AmbienceImplTest" name="testFindByLikeNameHeadquarters" time="0.038"/>
  <testcase classname="co.edu.sena.eon_jpa.controller.dao.mysql.AmbienceImplTest" name="testFindByStatus" time="0.028"/>
  <testcase classname="co.edu.sena.eon_jpa.controller.dao.mysql.AmbienceImplTest" name="test3Update" time="0.069"/>
  <testcase classname="co.edu.sena.eon_jpa.controller.dao.mysql.AmbienceImplTest" name="testFindByLikeDescription" time="0.017"/>
  <testcase classname="co.edu.sena.eon_jpa.controller.dao.mysql.AmbienceImplTest" name="testFindByLikeNumberAmbience" time="0.017"/>
  <testcase classname="co.edu.sena.eon_jpa.controller.dao.mysql.AmbienceImplTest" name="test2Find" time="0.016"/>
  <testcase classname="co.edu.sena.eon_jpa.controller.dao.mysql.AmbienceImplTest" name="test3vUpdatePrimaryKey" time="0.173"/>
  <testcase classname="co.edu.sena.eon_jpa.controller.dao.mysql.AmbienceImplTest" name="test4Delete" time="0.216"/>
  <testcase classname="co.edu.sena.eon_jpa.controller.dao.mysql.AmbienceImplTest" name="testFindByNumberAmbience" time="0.016"/>
  <testcase classname="co.edu.sena.eon_jpa.controller.dao.mysql.AmbienceImplTest" name="testFindByDescription" time="0.016"/>
  <testcase classname="co.edu.sena.eon_jpa.controller.dao.mysql.AmbienceImplTest" name="test1Insert" time="0.104"/>
  <testcase classname="co.edu.sena.eon_jpa.controller.dao.mysql.AmbienceImplTest" name="testUpdatePrimaryKey" time="0"/>
</testsuite>